<?xml version="1.0" encoding="UTF-8"?>
<testsuite xmlns:xsi="http://www.w3.org/2001/XMLSchema-instance" xsi:noNamespaceSchemaLocation="https://maven.apache.org/surefire/maven-surefire-plugin/xsd/surefire-test-report-3.0.xsd" version="3.0" name="org.example.AppTest" time="0.023" tests="1" errors="0" skipped="0" failures="0">
  <properties>
    <property name="java.specification.version" value="21"/>
    <property name="sun.cpu.isalist" value="amd64"/>
    <property name="sun.jnu.encoding" value="Cp1252"/>
    <property name="java.class.path" value="C:\Users\anshuman.behera\Documents\Word Count Strom\WordountTopology\target\test-classes;C:\Users\anshuman.behera\Documents\Word Count Strom\WordountTopology\target\classes;C:\Users\anshuman.behera\.m2\repository\junit\junit\3.8.1\junit-3.8.1.jar;C:\Users\anshuman.behera\.m2\repository\org\apache\storm\storm-core\2.6.1\storm-core-2.6.1.jar;C:\Users\anshuman.behera\.m2\repository\com\esotericsoftware\kryo\5.6.0\kryo-5.6.0.jar;C:\Users\anshuman.behera\.m2\repository\com\esotericsoftware\reflectasm\1.11.9\reflectasm-1.11.9.jar;C:\Users\anshuman.behera\.m2\repository\org\objenesis\objenesis\3.3\objenesis-3.3.jar;C:\Users\anshuman.behera\.m2\repository\com\esotericsoftware\minlog\1.3.1\minlog-1.3.1.jar;C:\Users\anshuman.behera\.m2\repository\org\apache\storm\storm-clojure\2.6.1\storm-clojure-2.6.1.jar;C:\Users\anshuman.behera\.m2\repository\org\clojure\tools.logging\0.2.3\tools.logging-0.2.3.jar;C:\Users\anshuman.behera\.m2\repository\org\clojure\clojure\1.3.0-beta1\clojure-1.3.0-beta1.jar;C:\Users\anshuman.behera\.m2\repository\org\clojars\bipinprasad\carbonite\1.6.0\carbonite-1.6.0.jar;C:\Users\anshuman.behera\.m2\repository\com\twitter\chill-java\0.9.5\chill-java-0.9.5.jar;C:\Users\anshuman.behera\.m2\repository\org\apache\storm\storm-server\2.6.1\storm-server-2.6.1.jar;C:\Users\anshuman.behera\.m2\repository\org\apache\storm\storm-client\2.6.1\storm-client-2.6.1.jar;C:\Users\anshuman.behera\.m2\repository\org\apache\storm\storm-shaded-deps\2.6.1\storm-shaded-deps-2.6.1.jar;C:\Users\anshuman.behera\.m2\repository\com\sun\activation\jakarta.activation\1.2.1\jakarta.activation-1.2.1.jar;C:\Users\anshuman.behera\.m2\repository\jakarta\activation\jakarta.activation-api\1.2.1\jakarta.activation-api-1.2.1.jar;C:\Users\anshuman.behera\.m2\repository\jakarta\xml\bind\jakarta.xml.bind-api\2.3.2\jakarta.xml.bind-api-2.3.2.jar;C:\Users\anshuman.behera\.m2\repository\javax\annotation\javax.annotation-api\1.3.2\javax.annotation-api-1.3.2.jar;C:\Users\anshuman.behera\.m2\repository\io\dropwizard\metrics\metrics-graphite\3.2.6\metrics-graphite-3.2.6.jar;C:\Users\anshuman.behera\.m2\repository\io\dropwizard\metrics\metrics-jvm\3.2.6\metrics-jvm-3.2.6.jar;C:\Users\anshuman.behera\.m2\repository\io\dropwizard\metrics\metrics-core\3.2.6\metrics-core-3.2.6.jar;C:\Users\anshuman.behera\.m2\repository\org\apache\commons\commons-exec\1.3\commons-exec-1.3.jar;C:\Users\anshuman.behera\.m2\repository\org\apache\commons\commons-compress\1.21\commons-compress-1.21.jar;C:\Users\anshuman.behera\.m2\repository\org\rocksdb\rocksdbjni\8.5.4\rocksdbjni-8.5.4.jar;C:\Users\anshuman.behera\.m2\repository\jline\jline\0.9.94\jline-0.9.94.jar;C:\Users\anshuman.behera\.m2\repository\javax\servlet\javax.servlet-api\3.1.0\javax.servlet-api-3.1.0.jar;C:\Users\anshuman.behera\.m2\repository\org\apache\commons\commons-collections4\4.4\commons-collections4-4.4.jar;C:\Users\anshuman.behera\.m2\repository\org\yaml\snakeyaml\2.0\snakeyaml-2.0.jar;C:\Users\anshuman.behera\.m2\repository\org\apache\httpcomponents\httpclient\4.5.14\httpclient-4.5.14.jar;C:\Users\anshuman.behera\.m2\repository\org\apache\httpcomponents\httpcore\4.4.16\httpcore-4.4.16.jar;C:\Users\anshuman.behera\.m2\repository\commons-logging\commons-logging\1.2\commons-logging-1.2.jar;C:\Users\anshuman.behera\.m2\repository\commons-cli\commons-cli\1.4\commons-cli-1.4.jar;C:\Users\anshuman.behera\.m2\repository\commons-io\commons-io\2.11.0\commons-io-2.11.0.jar;C:\Users\anshuman.behera\.m2\repository\commons-lang\commons-lang\2.6\commons-lang-2.6.jar;C:\Users\anshuman.behera\.m2\repository\net\minidev\json-smart\2.5.0\json-smart-2.5.0.jar;C:\Users\anshuman.behera\.m2\repository\net\minidev\accessors-smart\2.5.0\accessors-smart-2.5.0.jar;C:\Users\anshuman.behera\.m2\repository\org\ow2\asm\asm\9.3\asm-9.3.jar;C:\Users\anshuman.behera\.m2\repository\com\google\guava\guava\32.1.3-jre\guava-32.1.3-jre.jar;C:\Users\anshuman.behera\.m2\repository\com\google\guava\failureaccess\1.0.1\failureaccess-1.0.1.jar;C:\Users\anshuman.behera\.m2\repository\com\google\guava\listenablefuture\9999.0-empty-to-avoid-conflict-with-guava\listenablefuture-9999.0-empty-to-avoid-conflict-with-guava.jar;C:\Users\anshuman.behera\.m2\repository\com\google\code\findbugs\jsr305\3.0.2\jsr305-3.0.2.jar;C:\Users\anshuman.behera\.m2\repository\org\checkerframework\checker-qual\3.37.0\checker-qual-3.37.0.jar;C:\Users\anshuman.behera\.m2\repository\com\google\errorprone\error_prone_annotations\2.21.1\error_prone_annotations-2.21.1.jar;C:\Users\anshuman.behera\.m2\repository\com\google\j2objc\j2objc-annotations\2.8\j2objc-annotations-2.8.jar;C:\Users\anshuman.behera\.m2\repository\org\apache\logging\log4j\log4j-api\2.21.1\log4j-api-2.21.1.jar;C:\Users\anshuman.behera\.m2\repository\org\apache\logging\log4j\log4j-core\2.21.1\log4j-core-2.21.1.jar;C:\Users\anshuman.behera\.m2\repository\org\apache\logging\log4j\log4j-slf4j-impl\2.21.1\log4j-slf4j-impl-2.21.1.jar;C:\Users\anshuman.behera\.m2\repository\org\slf4j\log4j-over-slf4j\1.7.36\log4j-over-slf4j-1.7.36.jar;C:\Users\anshuman.behera\.m2\repository\org\slf4j\slf4j-api\1.7.36\slf4j-api-1.7.36.jar;C:\Users\anshuman.behera\.m2\repository\joda-time\joda-time\2.12.5\joda-time-2.12.5.jar;C:\Users\anshuman.behera\.m2\repository\org\eclipse\jetty\jetty-server\9.4.53.v20231009\jetty-server-9.4.53.v20231009.jar;C:\Users\anshuman.behera\.m2\repository\org\eclipse\jetty\jetty-http\9.4.53.v20231009\jetty-http-9.4.53.v20231009.jar;C:\Users\anshuman.behera\.m2\repository\org\eclipse\jetty\jetty-io\9.4.53.v20231009\jetty-io-9.4.53.v20231009.jar;C:\Users\anshuman.behera\.m2\repository\org\eclipse\jetty\jetty-util\9.4.53.v20231009\jetty-util-9.4.53.v20231009.jar;C:\Users\anshuman.behera\.m2\repository\org\eclipse\jetty\jetty-servlet\9.4.53.v20231009\jetty-servlet-9.4.53.v20231009.jar;C:\Users\anshuman.behera\.m2\repository\org\eclipse\jetty\jetty-security\9.4.53.v20231009\jetty-security-9.4.53.v20231009.jar;C:\Users\anshuman.behera\.m2\repository\org\eclipse\jetty\jetty-util-ajax\9.4.53.v20231009\jetty-util-ajax-9.4.53.v20231009.jar;C:\Users\anshuman.behera\.m2\repository\org\eclipse\jetty\jetty-servlets\9.4.53.v20231009\jetty-servlets-9.4.53.v20231009.jar;C:\Users\anshuman.behera\.m2\repository\org\eclipse\jetty\jetty-continuation\9.4.53.v20231009\jetty-continuation-9.4.53.v20231009.jar;C:\Users\anshuman.behera\.m2\repository\com\fasterxml\jackson\core\jackson-core\2.15.2\jackson-core-2.15.2.jar;C:\Users\anshuman.behera\.m2\repository\com\fasterxml\jackson\dataformat\jackson-dataformat-smile\2.15.2\jackson-dataformat-smile-2.15.2.jar;C:\Users\anshuman.behera\.m2\repository\commons-fileupload\commons-fileupload\1.5\commons-fileupload-1.5.jar;C:\Users\anshuman.behera\.m2\repository\commons-codec\commons-codec\1.11\commons-codec-1.11.jar;C:\Users\anshuman.behera\.m2\repository\org\apache\hadoop\hadoop-auth\3.3.6\hadoop-auth-3.3.6.jar;C:\Users\anshuman.behera\.m2\repository\ch\qos\reload4j\reload4j\1.2.22\reload4j-1.2.22.jar;C:\Users\anshuman.behera\.m2\repository\org\slf4j\slf4j-reload4j\1.7.36\slf4j-reload4j-1.7.36.jar;C:\Users\anshuman.behera\.m2\repository\com\nimbusds\nimbus-jose-jwt\9.8.1\nimbus-jose-jwt-9.8.1.jar;C:\Users\anshuman.behera\.m2\repository\com\github\stephenc\jcip\jcip-annotations\1.0-1\jcip-annotations-1.0-1.jar;C:\Users\anshuman.behera\.m2\repository\org\apache\zookeeper\zookeeper\3.6.3\zookeeper-3.6.3.jar;C:\Users\anshuman.behera\.m2\repository\org\apache\zookeeper\zookeeper-jute\3.6.3\zookeeper-jute-3.6.3.jar;C:\Users\anshuman.behera\.m2\repository\org\apache\yetus\audience-annotations\0.5.0\audience-annotations-0.5.0.jar;C:\Users\anshuman.behera\.m2\repository\org\apache\curator\curator-framework\5.2.0\curator-framework-5.2.0.jar;C:\Users\anshuman.behera\.m2\repository\org\apache\curator\curator-client\5.2.0\curator-client-5.2.0.jar;C:\Users\anshuman.behera\.m2\repository\org\apache\kerby\kerb-simplekdc\1.0.1\kerb-simplekdc-1.0.1.jar;C:\Users\anshuman.behera\.m2\repository\org\apache\kerby\kerb-client\1.0.1\kerb-client-1.0.1.jar;C:\Users\anshuman.behera\.m2\repository\org\apache\kerby\kerby-config\1.0.1\kerby-config-1.0.1.jar;C:\Users\anshuman.behera\.m2\repository\org\apache\kerby\kerb-core\1.0.1\kerb-core-1.0.1.jar;C:\Users\anshuman.behera\.m2\repository\org\apache\kerby\kerby-pkix\1.0.1\kerby-pkix-1.0.1.jar;C:\Users\anshuman.behera\.m2\repository\org\apache\kerby\kerby-asn1\1.0.1\kerby-asn1-1.0.1.jar;C:\Users\anshuman.behera\.m2\repository\org\apache\kerby\kerby-util\1.0.1\kerby-util-1.0.1.jar;C:\Users\anshuman.behera\.m2\repository\org\apache\kerby\kerb-common\1.0.1\kerb-common-1.0.1.jar;C:\Users\anshuman.behera\.m2\repository\org\apache\kerby\kerb-crypto\1.0.1\kerb-crypto-1.0.1.jar;C:\Users\anshuman.behera\.m2\repository\org\apache\kerby\kerb-util\1.0.1\kerb-util-1.0.1.jar;C:\Users\anshuman.behera\.m2\repository\org\apache\kerby\token-provider\1.0.1\token-provider-1.0.1.jar;C:\Users\anshuman.behera\.m2\repository\org\apache\kerby\kerb-admin\1.0.1\kerb-admin-1.0.1.jar;C:\Users\anshuman.behera\.m2\repository\org\apache\kerby\kerb-server\1.0.1\kerb-server-1.0.1.jar;C:\Users\anshuman.behera\.m2\repository\org\apache\kerby\kerb-identity\1.0.1\kerb-identity-1.0.1.jar;C:\Users\anshuman.behera\.m2\repository\org\apache\kerby\kerby-xdr\1.0.1\kerby-xdr-1.0.1.jar;C:\Users\anshuman.behera\.m2\repository\org\apache\hadoop\thirdparty\hadoop-shaded-guava\1.1.1\hadoop-shaded-guava-1.1.1.jar;C:\Users\anshuman.behera\.m2\repository\org\apache\storm\storm-kafka-client\2.5.0\storm-kafka-client-2.5.0.jar;C:\Users\anshuman.behera\.m2\repository\com\fasterxml\jackson\core\jackson-databind\2.10.5.1\jackson-databind-2.10.5.1.jar;C:\Users\anshuman.behera\.m2\repository\com\fasterxml\jackson\core\jackson-annotations\2.10.5\jackson-annotations-2.10.5.jar;C:\Users\anshuman.behera\.m2\repository\org\apache\kafka\kafka-clients\3.6.0\kafka-clients-3.6.0.jar;C:\Users\anshuman.behera\.m2\repository\com\github\luben\zstd-jni\1.5.5-1\zstd-jni-1.5.5-1.jar;C:\Users\anshuman.behera\.m2\repository\org\lz4\lz4-java\1.8.0\lz4-java-1.8.0.jar;C:\Users\anshuman.behera\.m2\repository\org\xerial\snappy\snappy-java\1.1.10.4\snappy-java-1.1.10.4.jar;"/>
    <property name="java.vm.vendor" value="Oracle Corporation"/>
    <property name="sun.arch.data.model" value="64"/>
    <property name="user.variant" value=""/>
    <property name="java.vendor.url" value="https://java.oracle.com/"/>
    <property name="user.timezone" value="Asia/Calcutta"/>
    <property name="os.name" value="Windows 11"/>
    <property name="java.vm.specification.version" value="21"/>
    <property name="user.country" value="US"/>
    <property name="sun.java.launcher" value="SUN_STANDARD"/>
    <property name="sun.boot.library.path" value="C:\Program Files\Java\jdk-21\bin"/>
    <property name="sun.java.command" value="C:\Users\anshuman.behera\AppData\Local\Temp\surefire1649169134320796846\surefirebooter-20251001153809211_3.jar C:\Users\anshuman.behera\AppData\Local\Temp\surefire1649169134320796846 2025-10-01T15-38-09_034-jvmRun1 surefire-20251001153809211_1tmp surefire_0-20251001153809211_2tmp"/>
    <property name="jdk.debug" value="release"/>
    <property name="surefire.test.class.path" value="C:\Users\anshuman.behera\Documents\Word Count Strom\WordountTopology\target\test-classes;C:\Users\anshuman.behera\Documents\Word Count Strom\WordountTopology\target\classes;C:\Users\anshuman.behera\.m2\repository\junit\junit\3.8.1\junit-3.8.1.jar;C:\Users\anshuman.behera\.m2\repository\org\apache\storm\storm-core\2.6.1\storm-core-2.6.1.jar;C:\Users\anshuman.behera\.m2\repository\com\esotericsoftware\kryo\5.6.0\kryo-5.6.0.jar;C:\Users\anshuman.behera\.m2\repository\com\esotericsoftware\reflectasm\1.11.9\reflectasm-1.11.9.jar;C:\Users\anshuman.behera\.m2\repository\org\objenesis\objenesis\3.3\objenesis-3.3.jar;C:\Users\anshuman.behera\.m2\repository\com\esotericsoftware\minlog\1.3.1\minlog-1.3.1.jar;C:\Users\anshuman.behera\.m2\repository\org\apache\storm\storm-clojure\2.6.1\storm-clojure-2.6.1.jar;C:\Users\anshuman.behera\.m2\repository\org\clojure\tools.logging\0.2.3\tools.logging-0.2.3.jar;C:\Users\anshuman.behera\.m2\repository\org\clojure\clojure\1.3.0-beta1\clojure-1.3.0-beta1.jar;C:\Users\anshuman.behera\.m2\repository\org\clojars\bipinprasad\carbonite\1.6.0\carbonite-1.6.0.jar;C:\Users\anshuman.behera\.m2\repository\com\twitter\chill-java\0.9.5\chill-java-0.9.5.jar;C:\Users\anshuman.behera\.m2\repository\org\apache\storm\storm-server\2.6.1\storm-server-2.6.1.jar;C:\Users\anshuman.behera\.m2\repository\org\apache\storm\storm-client\2.6.1\storm-client-2.6.1.jar;C:\Users\anshuman.behera\.m2\repository\org\apache\storm\storm-shaded-deps\2.6.1\storm-shaded-deps-2.6.1.jar;C:\Users\anshuman.behera\.m2\repository\com\sun\activation\jakarta.activation\1.2.1\jakarta.activation-1.2.1.jar;C:\Users\anshuman.behera\.m2\repository\jakarta\activation\jakarta.activation-api\1.2.1\jakarta.activation-api-1.2.1.jar;C:\Users\anshuman.behera\.m2\repository\jakarta\xml\bind\jakarta.xml.bind-api\2.3.2\jakarta.xml.bind-api-2.3.2.jar;C:\Users\anshuman.behera\.m2\repository\javax\annotation\javax.annotation-api\1.3.2\javax.annotation-api-1.3.2.jar;C:\Users\anshuman.behera\.m2\repository\io\dropwizard\metrics\metrics-graphite\3.2.6\metrics-graphite-3.2.6.jar;C:\Users\anshuman.behera\.m2\repository\io\dropwizard\metrics\metrics-jvm\3.2.6\metrics-jvm-3.2.6.jar;C:\Users\anshuman.behera\.m2\repository\io\dropwizard\metrics\metrics-core\3.2.6\metrics-core-3.2.6.jar;C:\Users\anshuman.behera\.m2\repository\org\apache\commons\commons-exec\1.3\commons-exec-1.3.jar;C:\Users\anshuman.behera\.m2\repository\org\apache\commons\commons-compress\1.21\commons-compress-1.21.jar;C:\Users\anshuman.behera\.m2\repository\org\rocksdb\rocksdbjni\8.5.4\rocksdbjni-8.5.4.jar;C:\Users\anshuman.behera\.m2\repository\jline\jline\0.9.94\jline-0.9.94.jar;C:\Users\anshuman.behera\.m2\repository\javax\servlet\javax.servlet-api\3.1.0\javax.servlet-api-3.1.0.jar;C:\Users\anshuman.behera\.m2\repository\org\apache\commons\commons-collections4\4.4\commons-collections4-4.4.jar;C:\Users\anshuman.behera\.m2\repository\org\yaml\snakeyaml\2.0\snakeyaml-2.0.jar;C:\Users\anshuman.behera\.m2\repository\org\apache\httpcomponents\httpclient\4.5.14\httpclient-4.5.14.jar;C:\Users\anshuman.behera\.m2\repository\org\apache\httpcomponents\httpcore\4.4.16\httpcore-4.4.16.jar;C:\Users\anshuman.behera\.m2\repository\commons-logging\commons-logging\1.2\commons-logging-1.2.jar;C:\Users\anshuman.behera\.m2\repository\commons-cli\commons-cli\1.4\commons-cli-1.4.jar;C:\Users\anshuman.behera\.m2\repository\commons-io\commons-io\2.11.0\commons-io-2.11.0.jar;C:\Users\anshuman.behera\.m2\repository\commons-lang\commons-lang\2.6\commons-lang-2.6.jar;C:\Users\anshuman.behera\.m2\repository\net\minidev\json-smart\2.5.0\json-smart-2.5.0.jar;C:\Users\anshuman.behera\.m2\repository\net\minidev\accessors-smart\2.5.0\accessors-smart-2.5.0.jar;C:\Users\anshuman.behera\.m2\repository\org\ow2\asm\asm\9.3\asm-9.3.jar;C:\Users\anshuman.behera\.m2\repository\com\google\guava\guava\32.1.3-jre\guava-32.1.3-jre.jar;C:\Users\anshuman.behera\.m2\repository\com\google\guava\failureaccess\1.0.1\failureaccess-1.0.1.jar;C:\Users\anshuman.behera\.m2\repository\com\google\guava\listenablefuture\9999.0-empty-to-avoid-conflict-with-guava\listenablefuture-9999.0-empty-to-avoid-conflict-with-guava.jar;C:\Users\anshuman.behera\.m2\repository\com\google\code\findbugs\jsr305\3.0.2\jsr305-3.0.2.jar;C:\Users\anshuman.behera\.m2\repository\org\checkerframework\checker-qual\3.37.0\checker-qual-3.37.0.jar;C:\Users\anshuman.behera\.m2\repository\com\google\errorprone\error_prone_annotations\2.21.1\error_prone_annotations-2.21.1.jar;C:\Users\anshuman.behera\.m2\repository\com\google\j2objc\j2objc-annotations\2.8\j2objc-annotations-2.8.jar;C:\Users\anshuman.behera\.m2\repository\org\apache\logging\log4j\log4j-api\2.21.1\log4j-api-2.21.1.jar;C:\Users\anshuman.behera\.m2\repository\org\apache\logging\log4j\log4j-core\2.21.1\log4j-core-2.21.1.jar;C:\Users\anshuman.behera\.m2\repository\org\apache\logging\log4j\log4j-slf4j-impl\2.21.1\log4j-slf4j-impl-2.21.1.jar;C:\Users\anshuman.behera\.m2\repository\org\slf4j\log4j-over-slf4j\1.7.36\log4j-over-slf4j-1.7.36.jar;C:\Users\anshuman.behera\.m2\repository\org\slf4j\slf4j-api\1.7.36\slf4j-api-1.7.36.jar;C:\Users\anshuman.behera\.m2\repository\joda-time\joda-time\2.12.5\joda-time-2.12.5.jar;C:\Users\anshuman.behera\.m2\repository\org\eclipse\jetty\jetty-server\9.4.53.v20231009\jetty-server-9.4.53.v20231009.jar;C:\Users\anshuman.behera\.m2\repository\org\eclipse\jetty\jetty-http\9.4.53.v20231009\jetty-http-9.4.53.v20231009.jar;C:\Users\anshuman.behera\.m2\repository\org\eclipse\jetty\jetty-io\9.4.53.v20231009\jetty-io-9.4.53.v20231009.jar;C:\Users\anshuman.behera\.m2\repository\org\eclipse\jetty\jetty-util\9.4.53.v20231009\jetty-util-9.4.53.v20231009.jar;C:\Users\anshuman.behera\.m2\repository\org\eclipse\jetty\jetty-servlet\9.4.53.v20231009\jetty-servlet-9.4.53.v20231009.jar;C:\Users\anshuman.behera\.m2\repository\org\eclipse\jetty\jetty-security\9.4.53.v20231009\jetty-security-9.4.53.v20231009.jar;C:\Users\anshuman.behera\.m2\repository\org\eclipse\jetty\jetty-util-ajax\9.4.53.v20231009\jetty-util-ajax-9.4.53.v20231009.jar;C:\Users\anshuman.behera\.m2\repository\org\eclipse\jetty\jetty-servlets\9.4.53.v20231009\jetty-servlets-9.4.53.v20231009.jar;C:\Users\anshuman.behera\.m2\repository\org\eclipse\jetty\jetty-continuation\9.4.53.v20231009\jetty-continuation-9.4.53.v20231009.jar;C:\Users\anshuman.behera\.m2\repository\com\fasterxml\jackson\core\jackson-core\2.15.2\jackson-core-2.15.2.jar;C:\Users\anshuman.behera\.m2\repository\com\fasterxml\jackson\dataformat\jackson-dataformat-smile\2.15.2\jackson-dataformat-smile-2.15.2.jar;C:\Users\anshuman.behera\.m2\repository\commons-fileupload\commons-fileupload\1.5\commons-fileupload-1.5.jar;C:\Users\anshuman.behera\.m2\repository\commons-codec\commons-codec\1.11\commons-codec-1.11.jar;C:\Users\anshuman.behera\.m2\repository\org\apache\hadoop\hadoop-auth\3.3.6\hadoop-auth-3.3.6.jar;C:\Users\anshuman.behera\.m2\repository\ch\qos\reload4j\reload4j\1.2.22\reload4j-1.2.22.jar;C:\Users\anshuman.behera\.m2\repository\org\slf4j\slf4j-reload4j\1.7.36\slf4j-reload4j-1.7.36.jar;C:\Users\anshuman.behera\.m2\repository\com\nimbusds\nimbus-jose-jwt\9.8.1\nimbus-jose-jwt-9.8.1.jar;C:\Users\anshuman.behera\.m2\repository\com\github\stephenc\jcip\jcip-annotations\1.0-1\jcip-annotations-1.0-1.jar;C:\Users\anshuman.behera\.m2\repository\org\apache\zookeeper\zookeeper\3.6.3\zookeeper-3.6.3.jar;C:\Users\anshuman.behera\.m2\repository\org\apache\zookeeper\zookeeper-jute\3.6.3\zookeeper-jute-3.6.3.jar;C:\Users\anshuman.behera\.m2\repository\org\apache\yetus\audience-annotations\0.5.0\audience-annotations-0.5.0.jar;C:\Users\anshuman.behera\.m2\repository\org\apache\curator\curator-framework\5.2.0\curator-framework-5.2.0.jar;C:\Users\anshuman.behera\.m2\repository\org\apache\curator\curator-client\5.2.0\curator-client-5.2.0.jar;C:\Users\anshuman.behera\.m2\repository\org\apache\kerby\kerb-simplekdc\1.0.1\kerb-simplekdc-1.0.1.jar;C:\Users\anshuman.behera\.m2\repository\org\apache\kerby\kerb-client\1.0.1\kerb-client-1.0.1.jar;C:\Users\anshuman.behera\.m2\repository\org\apache\kerby\kerby-config\1.0.1\kerby-config-1.0.1.jar;C:\Users\anshuman.behera\.m2\repository\org\apache\kerby\kerb-core\1.0.1\kerb-core-1.0.1.jar;C:\Users\anshuman.behera\.m2\repository\org\apache\kerby\kerby-pkix\1.0.1\kerby-pkix-1.0.1.jar;C:\Users\anshuman.behera\.m2\repository\org\apache\kerby\kerby-asn1\1.0.1\kerby-asn1-1.0.1.jar;C:\Users\anshuman.behera\.m2\repository\org\apache\kerby\kerby-util\1.0.1\kerby-util-1.0.1.jar;C:\Users\anshuman.behera\.m2\repository\org\apache\kerby\kerb-common\1.0.1\kerb-common-1.0.1.jar;C:\Users\anshuman.behera\.m2\repository\org\apache\kerby\kerb-crypto\1.0.1\kerb-crypto-1.0.1.jar;C:\Users\anshuman.behera\.m2\repository\org\apache\kerby\kerb-util\1.0.1\kerb-util-1.0.1.jar;C:\Users\anshuman.behera\.m2\repository\org\apache\kerby\token-provider\1.0.1\token-provider-1.0.1.jar;C:\Users\anshuman.behera\.m2\repository\org\apache\kerby\kerb-admin\1.0.1\kerb-admin-1.0.1.jar;C:\Users\anshuman.behera\.m2\repository\org\apache\kerby\kerb-server\1.0.1\kerb-server-1.0.1.jar;C:\Users\anshuman.behera\.m2\repository\org\apache\kerby\kerb-identity\1.0.1\kerb-identity-1.0.1.jar;C:\Users\anshuman.behera\.m2\repository\org\apache\kerby\kerby-xdr\1.0.1\kerby-xdr-1.0.1.jar;C:\Users\anshuman.behera\.m2\repository\org\apache\hadoop\thirdparty\hadoop-shaded-guava\1.1.1\hadoop-shaded-guava-1.1.1.jar;C:\Users\anshuman.behera\.m2\repository\org\apache\storm\storm-kafka-client\2.5.0\storm-kafka-client-2.5.0.jar;C:\Users\anshuman.behera\.m2\repository\com\fasterxml\jackson\core\jackson-databind\2.10.5.1\jackson-databind-2.10.5.1.jar;C:\Users\anshuman.behera\.m2\repository\com\fasterxml\jackson\core\jackson-annotations\2.10.5\jackson-annotations-2.10.5.jar;C:\Users\anshuman.behera\.m2\repository\org\apache\kafka\kafka-clients\3.6.0\kafka-clients-3.6.0.jar;C:\Users\anshuman.behera\.m2\repository\com\github\luben\zstd-jni\1.5.5-1\zstd-jni-1.5.5-1.jar;C:\Users\anshuman.behera\.m2\repository\org\lz4\lz4-java\1.8.0\lz4-java-1.8.0.jar;C:\Users\anshuman.behera\.m2\repository\org\xerial\snappy\snappy-java\1.1.10.4\snappy-java-1.1.10.4.jar;"/>
    <property name="sun.cpu.endian" value="little"/>
    <property name="user.home" value="C:\Users\anshuman.behera"/>
    <property name="user.language" value="en"/>
    <property name="java.specification.vendor" value="Oracle Corporation"/>
    <property name="java.version.date" value="2025-07-15"/>
    <property name="java.home" value="C:\Program Files\Java\jdk-21"/>
    <property name="file.separator" value="\"/>
    <property name="basedir" value="C:\Users\anshuman.behera\Documents\Word Count Strom\WordountTopology"/>
    <property name="style.color" value="always"/>
    <property name="java.vm.compressedOopsMode" value="Zero based"/>
    <property name="line.separator" value="&#10;"/>
    <property name="java.vm.specification.vendor" value="Oracle Corporation"/>
    <property name="java.specification.name" value="Java Platform API Specification"/>
    <property name="surefire.real.class.path" value="C:\Users\anshuman.behera\AppData\Local\Temp\surefire1649169134320796846\surefirebooter-20251001153809211_3.jar"/>
    <property name="user.script" value=""/>
    <property name="sun.management.compiler" value="HotSpot 64-Bit Tiered Compilers"/>
    <property name="java.runtime.version" value="21.0.8+12-LTS-250"/>
    <property name="user.name" value="anshuman.behera"/>
    <property name="stdout.encoding" value="Cp1252"/>
    <property name="path.separator" value=";"/>
    <property name="os.version" value="10.0"/>
    <property name="java.runtime.name" value="Java(TM) SE Runtime Environment"/>
    <property name="file.encoding" value="UTF-8"/>
    <property name="java.vm.name" value="Java HotSpot(TM) 64-Bit Server VM"/>
    <property name="maven.ext.class.path" value="C:\Program Files\JetBrains\IntelliJ IDEA Community Edition 2025.2\plugins\maven\lib\maven-event-listener.jar"/>
    <property name="localRepository" value="C:\Users\anshuman.behera\.m2\repository"/>
    <property name="java.vendor.url.bug" value="https://bugreport.java.com/bugreport/"/>
    <property name="java.io.tmpdir" value="C:\Users\ANSHUM~1.BEH\AppData\Local\Temp\"/>
    <property name="idea.version" value="2025.2"/>
    <property name="java.version" value="21.0.8"/>
    <property name="user.dir" value="C:\Users\anshuman.behera\Documents\Word Count Strom\WordountTopology"/>
    <property name="os.arch" value="amd64"/>
    <property name="jansi.passthrough" value="true"/>
    <property name="java.vm.specification.name" value="Java Virtual Machine Specification"/>
    <property name="sun.os.patch.level" value=""/>
    <property name="native.encoding" value="Cp1252"/>
    <property name="java.library.path" value="C:\Program Files\Java\jdk-21\bin;C:\WINDOWS\Sun\Java\bin;C:\WINDOWS\system32;C:\WINDOWS;C:\Program Files\Common Files\Oracle\Java\javapath;C:\WINDOWS\system32;C:\WINDOWS;C:\WINDOWS\System32\Wbem;C:\WINDOWS\System32\WindowsPowerShell\v1.0\;C:\WINDOWS\System32\OpenSSH\;C:\Program Files\Java\jdk-21\bin;C:\Program Files\Git\cmd;C:\Program Files\dotnet\;C:\Program Files (x86)\Windows Kits\10\Windows Performance Toolkit\;C:\Program Files\Docker\Docker\resources\bin;C:\Program Files\PuTTY\;C:\Users\anshuman.behera\AppData\Local\anaconda3;C:\Users\anshuman.behera\AppData\Local\anaconda3\Library\mingw-w64\bin;C:\Users\anshuman.behera\AppData\Local\anaconda3\Library\usr\bin;C:\Users\anshuman.behera\AppData\Local\anaconda3\Library\bin;C:\Users\anshuman.behera\AppData\Local\anaconda3\Scripts;C:\Users\anshuman.behera\AppData\Local\Microsoft\WindowsApps;C:\Users\anshuman.behera\AppData\Local\GitHubDesktop\bin;C:\Users\anshuman.behera\AppData\Local\Programs\Microsoft VS Code\bin;C:\Users\anshuman.behera\.dotnet\tools;C:\Users\anshuman.behera\AppData\Local\Programs\cursor\resources\app\bin;."/>
    <property name="java.vm.info" value="mixed mode, sharing"/>
    <property name="stderr.encoding" value="Cp1252"/>
    <property name="java.vendor" value="Oracle Corporation"/>
    <property name="java.vm.version" value="21.0.8+12-LTS-250"/>
    <property name="sun.io.unicode.encoding" value="UnicodeLittle"/>
    <property name="java.class.version" value="65.0"/>
  </properties>
  <testcase name="testApp" classname="org.example.AppTest" time="0.003"/>
</testsuite>